<?xml version="1.0" encoding="UTF-8"?>
<!-- Generated by org.testng.reporters.JUnitXMLReporter -->
<testsuite hostname="text-PC" ignored="0" name="Test" tests="3" failures="0" timestamp="15 Jun 2018 09:06:30 GMT" time="66.16" errors="0">
  <testcase name="testValidLogin" time="7.16" classname="script.ValidLogin"/>
  <testcase name="testInvalidLogin" time="10.554" classname="script.InvalidLogin"/>
  <testcase name="testVersion" time="12.582" classname="script.CheckVersion"/>
</testsuite> <!-- Test -->
